aaliyah-d
abd-ar-rahman-ibn-awf
abdul-adl
abdul-baqi
abdul-basit
abdul-fattah
abdul-hafeez
abdul-hakim
abdul-halim
abdul-jalil
abdul-khaliq
abdul-latif
abdul-mannan
abdul-mubdi
abdul-muhaymin
abdul-muizz
abdul-mumin
abdul-mumit
abdul-muqtadir
abdul-nasser
abdul-qawi
abdul-quddus
abdul-rauf
abdul-samad
abdul-shakur
abdul-wadud
abdul-wahid
abdul-wali
abdullah-ibn-abbas
abdullah-ibn-umar
abdulmajeed
abdulmohaimin
aaliyah-d
abd-ar-rahman-ibn-awf
abdul-adl
abdul-baqi
abdul-basit
abdul-fattah
abdul-hafeez
abdul-hakim
abdul-halim
abdul-jalil
abdul-khaliq
abdul-latif
abdul-mannan
abdul-mubdi
abdul-muhaymin
abdul-muizz
abdul-mumin
abdul-mumit
abdul-muqtadir
abdul-nasser
abdul-qawi
abdul-quddus
abdul-rauf
abdul-samad
abdul-shakur
abdul-wadud
abdul-wahid
abdul-wali
abdullah-ibn-abbas
abdullah-ibn-umar
abdulmajeed
abdulmohaimin
ablikim
abrahim
abu-dharr
abu-hamza
abu-hurayrah
abu-musa-ashari
abu-ubaidah
ada
adib
adiba
adilet
adilzhan
adzhar
afif
afifah
afiqah
aidana
aidar
aidyn
aiman
aiman-ca
aina
ainura
aissatou
aisulu
aizada
aizhan
alassane
aleeya
aliff
almira
amaya
aminatou
anas-ibn-malik
anisah
anzar
aqilah
ariz
aroosh
ashamaz
ashraff
askar
aslan-ca
asma-bint-abi-bakr
assel
attar
avesta
ayaana
ayaneh
ayasha
ayaz
aydi
ayeza
aylin
azrail
babo
bade
bahaa
bai
bakhtiyar
bakyt
bandar
barra
batrisyia
batyr
berivan
bibars
bidel
bilquis
binta
boubacar
boutaina
bulat
cabdi
cabdinasir
cenk
chakar
chalak
daania
daayan
damir
danisya
